2019-5-13 15:22:28 main INFO Neither @ContextConfiguration nor @ContextHierarchy found for test class [com.sgcc.epri.dataexchangeplatform.DataExchangePlatformApplicationTests], using SpringBootContextLoader
2019-5-13 15:22:28 main INFO Could not detect default resource locations for test class [com.sgcc.epri.dataexchangeplatform.DataExchangePlatformApplicationTests]: no resource found for suffixes {-context.xml, Context.groovy}.
2019-5-13 15:22:28 main INFO Could not detect default configuration classes for test class [com.sgcc.epri.dataexchangeplatform.DataExchangePlatformApplicationTests]: DataExchangePlatformApplicationTests does not declare any static, non-private, non-final, nested classes annotated with @Configuration.
2019-5-13 15:22:28 main INFO Found @SpringBootConfiguration com.sgcc.epri.dataexchangeplatform.DataExchangePlatformApplication for test class com.sgcc.epri.dataexchangeplatform.DataExchangePlatformApplicationTests
2019-5-13 15:22:28 main INFO Loaded default TestExecutionListener class names from location [META-INF/spring.factories]: [org.springframework.boot.test.mock.mockito.MockitoTestExecutionListener, org.springframework.boot.test.mock.mockito.ResetMocksTestExecutionListener, org.springframework.boot.test.autoconfigure.restdocs.RestDocsTestExecutionListener, org.springframework.boot.test.autoconfigure.web.client.MockRestServiceServerResetTestExecutionListener, org.springframework.boot.test.autoconfigure.web.servlet.MockMvcPrintOnlyOnFailureTestExecutionListener, org.springframework.boot.test.autoconfigure.web.servlet.WebDriverTestExecutionListener, org.springframework.test.context.web.ServletTestExecutionListener, org.springframework.test.context.support.DirtiesContextBeforeModesTestExecutionListener, org.springframework.test.context.support.DependencyInjectionTestExecutionListener, org.springframework.test.context.support.DirtiesContextTestExecutionListener, org.springframework.test.context.transaction.TransactionalTestExecutionListener, org.springframework.test.context.jdbc.SqlScriptsTestExecutionListener]
2019-5-13 15:22:28 main INFO Using TestExecutionListeners: [org.springframework.test.context.web.ServletTestExecutionListener@76c3e77a, org.springframework.test.context.support.DirtiesContextBeforeModesTestExecutionListener@78123e82, org.springframework.boot.test.mock.mockito.MockitoTestExecutionListener@67c33749, org.springframework.boot.test.autoconfigure.SpringBootDependencyInjectionTestExecutionListener@fba92d3, org.springframework.test.context.support.DirtiesContextTestExecutionListener@662b4c69, org.springframework.test.context.transaction.TransactionalTestExecutionListener@fa49800, org.springframework.test.context.jdbc.SqlScriptsTestExecutionListener@71238fc2, org.springframework.boot.test.mock.mockito.ResetMocksTestExecutionListener@2a54a73f, org.springframework.boot.test.autoconfigure.restdocs.RestDocsTestExecutionListener@16a0ee18, org.springframework.boot.test.autoconfigure.web.client.MockRestServiceServerResetTestExecutionListener@3d6f0054, org.springframework.boot.test.autoconfigure.web.servlet.MockMvcPrintOnlyOnFailureTestExecutionListener@505fc5a4, org.springframework.boot.test.autoconfigure.web.servlet.WebDriverTestExecutionListener@5fbdfdcf]
2019-5-13 15:22:29 main INFO Starting DataExchangePlatformApplicationTests on PC-20180916LTFK with PID 11456 (started by Administrator in F:\ÏîÄ¿demo\data-exchange-platform)
2019-5-13 15:22:29 main INFO No active profile set, falling back to default profiles: default
2019-5-13 15:22:29 main INFO Refreshing org.springframework.web.context.support.GenericWebApplicationContext@7d3e8655: startup date [Mon May 13 15:22:29 CST 2019]; root of context hierarchy
2019-5-13 15:22:31 main INFO Bean 'org.springframework.transaction.annotation.ProxyTransactionManagementConfiguration' of type [org.springframework.transaction.annotation.ProxyTransactionManagementConfiguration$$EnhancerBySpringCGLIB$$eecdadf9] is not eligible for getting processed by all BeanPostProcessors (for example: not eligible for auto-proxying)
2019-5-13 15:22:33 main INFO Mapped "{[/data-exchange-platform/getScreeningConditions],methods=[GET],produces=[text/html;charset=utf-8]}" onto public java.lang.String com.sgcc.epri.dataexchangeplatform.Controller.ModelManagerController.getScreeningConditions()
2019-5-13 15:22:33 main INFO Mapped "{[/data-exchange-platform/getModelManagerView],methods=[GET],produces=[text/html;charset=utf-8]}" onto public java.lang.String com.sgcc.epri.dataexchangeplatform.Controller.ModelManagerController.getModelManagerView(int,int)
2019-5-13 15:22:33 main INFO Mapped "{[/data-exchange-platform/getTestPostClass],methods=[POST],produces=[text/html;charset=utf-8]}" onto public java.lang.String com.sgcc.epri.dataexchangeplatform.Controller.ModelManagerController.getTestPostClass(com.sgcc.epri.dataexchangeplatform.Vo.RequestParams)
2019-5-13 15:22:33 main INFO Mapped "{[/data-exchange-platform/getModelType],methods=[GET],produces=[text/html;charset=utf-8]}" onto public java.lang.String com.sgcc.epri.dataexchangeplatform.Controller.ModelManagerController.getModelType()
2019-5-13 15:22:33 main INFO Mapped "{[/v2/api-docs],methods=[GET],produces=[application/json || application/hal+json]}" onto public org.springframework.http.ResponseEntity<springfox.documentation.spring.web.json.Json> springfox.documentation.swagger2.web.Swagger2Controller.getDocumentation(java.lang.String,javax.servlet.http.HttpServletRequest)
2019-5-13 15:22:33 main INFO Mapped "{[/swagger-resources/configuration/security]}" onto org.springframework.http.ResponseEntity<springfox.documentation.swagger.web.SecurityConfiguration> springfox.documentation.swagger.web.ApiResourceController.securityConfiguration()
2019-5-13 15:22:33 main INFO Mapped "{[/swagger-resources/configuration/ui]}" onto org.springframework.http.ResponseEntity<springfox.documentation.swagger.web.UiConfiguration> springfox.documentation.swagger.web.ApiResourceController.uiConfiguration()
2019-5-13 15:22:33 main INFO Mapped "{[/swagger-resources]}" onto org.springframework.http.ResponseEntity<java.util.List<springfox.documentation.swagger.web.SwaggerResource>> springfox.documentation.swagger.web.ApiResourceController.swaggerResources()
2019-5-13 15:22:33 main INFO Mapped "{[/error]}" onto public org.springframework.http.ResponseEntity<java.util.Map<java.lang.String, java.lang.Object>> org.springframework.boot.autoconfigure.web.servlet.error.BasicErrorController.error(javax.servlet.http.HttpServletRequest)
2019-5-13 15:22:33 main INFO Mapped "{[/error],produces=[text/html]}" onto public org.springframework.web.servlet.ModelAndView org.springframework.boot.autoconfigure.web.servlet.error.BasicErrorController.errorHtml(javax.servlet.http.HttpServletRequest,javax.servlet.http.HttpServletResponse)
2019-5-13 15:22:33 main INFO Looking for @ControllerAdvice: org.springframework.web.context.support.GenericWebApplicationContext@7d3e8655: startup date [Mon May 13 15:22:29 CST 2019]; root of context hierarchy
2019-5-13 15:22:34 main INFO Mapped URL path [/webjars/**] onto handler of type [class org.springframework.web.servlet.resource.ResourceHttpRequestHandler]
2019-5-13 15:22:34 main INFO Mapped URL path [/**] onto handler of type [class org.springframework.web.servlet.resource.ResourceHttpRequestHandler]
2019-5-13 15:22:34 main INFO Mapped URL path [/**/favicon.ico] onto handler of type [class org.springframework.web.servlet.resource.ResourceHttpRequestHandler]
2019-5-13 15:22:34 main INFO Starting beans in phase 2147483647
2019-5-13 15:22:34 main INFO Context refreshed
2019-5-13 15:22:34 main INFO Found 1 custom documentation plugin(s)
2019-5-13 15:22:34 main INFO Scanning for api listing references
2019-5-13 15:22:34 main INFO Started DataExchangePlatformApplicationTests in 6.04 seconds (JVM running for 9.212)
2019-5-13 15:22:35 Thread-2 INFO Closing org.springframework.web.context.support.GenericWebApplicationContext@7d3e8655: startup date [Mon May 13 15:22:29 CST 2019]; root of context hierarchy
2019-5-13 15:22:35 Thread-2 INFO Stopping beans in phase 2147483647
